<?xml version="1.0" encoding="UTF-8"?>
<!-- Generated by org.testng.reporters.JUnitReportReporter -->
<testsuite hostname="WHITECLOWN" name="deshaw.automation.wires.test.WiresTest" tests="1" failures="0" timestamp="12 Mar 2013 15:23:20 GMT" time="191.107" errors="0">
  <testcase name="tVerifySearchForCurrency" time="191.107" classname="deshaw.automation.wires.test.WiresTest"/>
</testsuite>
