<?xml version="1.0" encoding="UTF-8"?>
<!-- Generated by org.testng.reporters.JUnitReportReporter -->
<testsuite hostname="WHITECLOWN" name="com.test.mainclass.MainClass" tests="1" failures="0" timestamp="10 Apr 2013 10:43:36 GMT" time="0.021" errors="0">
  <testcase name="EnumSwitchTest" time="0.021" classname="com.test.mainclass.MainClass"/>
</testsuite> <!-- com.test.mainclass.MainClass -->
